INFO:aiogram.dispatcher:Start polling
INFO:aiogram.dispatcher:Run polling for bot @sharagaISP_bot id=6573990032 - 'RII_test_bot'
INFO:aiogram.event:Update id=504212555 is handled. Duration 483 ms by bot id=6573990032
INFO:aiogram.event:Update id=504212556 is handled. Duration 327 ms by bot id=6573990032
INFO:aiogram.event:Update id=504212557 is handled. Duration 375 ms by bot id=6573990032
INFO:aiogram.event:Update id=504212558 is handled. Duration 265 ms by bot id=6573990032
INFO:sqlalchemy.engine.Engine:select pg_catalog.version()
INFO:sqlalchemy.engine.Engine:[raw sql] ()
INFO:sqlalchemy.engine.Engine:select current_schema()
INFO:sqlalchemy.engine.Engine:[raw sql] ()
INFO:sqlalchemy.engine.Engine:show standard_conforming_strings
INFO:sqlalchemy.engine.Engine:[raw sql] ()
INFO:sqlalchemy.engine.Engine:BEGIN (implicit)
INFO:sqlalchemy.engine.Engine:INSERT INTO users (id_user, user_name, id_group) VALUES ($1::BIGINT, $2::VARCHAR, $3::VARCHAR)
INFO:sqlalchemy.engine.Engine:[generated in 0.00048s] (1752086646, 'what_whatqwe', 'schedule_1022')
INFO:sqlalchemy.engine.Engine:ROLLBACK
INFO:sqlalchemy.engine.Engine:BEGIN (implicit)
INFO:sqlalchemy.engine.Engine:SELECT users.id_user, users.user_name, users.id_group 
FROM users 
WHERE users.id_user = $1::BIGINT 
 LIMIT $2::INTEGER
INFO:sqlalchemy.engine.Engine:[generated in 0.00251s] (1752086646, 1)
INFO:sqlalchemy.engine.Engine:UPDATE users SET id_group=$1::VARCHAR WHERE users.id_user = $2::BIGINT
INFO:sqlalchemy.engine.Engine:[generated in 0.00068s] ('schedule_1022', 1752086646)
INFO:sqlalchemy.engine.Engine:COMMIT
INFO:aiogram.event:Update id=504212559 is handled. Duration 938 ms by bot id=6573990032
INFO:aiogram.event:Update id=504212560 is handled. Duration 436 ms by bot id=6573990032
INFO:aiogram.event:Update id=504212561 is handled. Duration 500 ms by bot id=6573990032
INFO:sqlalchemy.engine.Engine:BEGIN (implicit)
INFO:sqlalchemy.engine.Engine:INSERT INTO users (id_user, user_name, id_group) VALUES ($1::BIGINT, $2::VARCHAR, $3::VARCHAR)
INFO:sqlalchemy.engine.Engine:[cached since 63.89s ago] (1752086646, 'what_whatqwe', 'schedule_1005')
INFO:sqlalchemy.engine.Engine:ROLLBACK
INFO:sqlalchemy.engine.Engine:BEGIN (implicit)
INFO:sqlalchemy.engine.Engine:SELECT users.id_user, users.user_name, users.id_group 
FROM users 
WHERE users.id_user = $1::BIGINT 
 LIMIT $2::INTEGER
INFO:sqlalchemy.engine.Engine:[cached since 63.88s ago] (1752086646, 1)
INFO:sqlalchemy.engine.Engine:UPDATE users SET id_group=$1::VARCHAR WHERE users.id_user = $2::BIGINT
INFO:sqlalchemy.engine.Engine:[cached since 63.87s ago] ('schedule_1005', 1752086646)
INFO:sqlalchemy.engine.Engine:COMMIT
INFO:aiogram.event:Update id=504212562 is handled. Duration 1061 ms by bot id=6573990032
INFO:aiogram.event:Update id=504212563 is handled. Duration 421 ms by bot id=6573990032
INFO:aiogram.event:Update id=504212565 is handled. Duration 156 ms by bot id=6573990032
INFO:aiogram.event:Update id=504212566 is handled. Duration 139 ms by bot id=6573990032
INFO:aiogram.event:Update id=504212567 is handled. Duration 530 ms by bot id=6573990032
INFO:aiogram.event:Update id=504212568 is handled. Duration 187 ms by bot id=6573990032
INFO:aiogram.event:Update id=504212569 is handled. Duration 187 ms by bot id=6573990032
INFO:aiogram.event:Update id=504212570 is handled. Duration 172 ms by bot id=6573990032
INFO:aiogram.event:Update id=504212571 is handled. Duration 202 ms by bot id=6573990032
INFO:aiogram.event:Update id=504212572 is handled. Duration 202 ms by bot id=6573990032
INFO:aiogram.event:Update id=504212573 is handled. Duration 156 ms by bot id=6573990032
INFO:aiogram.event:Update id=504212574 is handled. Duration 156 ms by bot id=6573990032
INFO:aiogram.event:Update id=504212575 is handled. Duration 234 ms by bot id=6573990032
INFO:aiogram.event:Update id=504212576 is handled. Duration 204 ms by bot id=6573990032
INFO:aiogram.dispatcher:Polling stopped
INFO:aiogram.dispatcher:Polling stopped for bot @sharagaISP_bot id=6573990032 - 'RII_test_bot'
INFO:aiogram.event:Update id=504212564 is not handled. Duration 60484 ms by bot id=6573990032
